app/admin/accounting/general-ledger/page.tsx(15,33): error TS2339: Property 'chartOfAccount' does not exist on type 'PrismaClient<PrismaClientOptions, never, DefaultArgs>'.
app/admin/accounting/general-ledger/page.tsx(36,29): error TS7006: Parameter 'acc' implicitly has an 'any' type.
app/admin/inventory/adjustments/page.tsx(43,12): error TS2339: Property 'stockAdjustment' does not exist on type 'PrismaClient<PrismaClientOptions, never, DefaultArgs>'.
app/admin/inventory/adjustments/page.tsx(101,35): error TS7006: Parameter 'adj' implicitly has an 'any' type.
app/admin/inventory/grn/page.tsx(42,12): error TS2339: Property 'goodsReceiveNote' does not exist on type 'PrismaClient<PrismaClientOptions, never, DefaultArgs>'.
app/admin/inventory/grn/page.tsx(102,28): error TS7006: Parameter 'grn' implicitly has an 'any' type.
app/admin/inventory/valuation/page.tsx(63,44): error TS7006: Parameter 'x' implicitly has an 'any' type.
app/admin/products/new/product-form.tsx(243,13): error TS2769: No overload matches this call.
  Overload 1 of 2, '(props: Props, context?: any): string | number | bigint | boolean | ReactElement<unknown, string | JSXElementConstructor<any>> | Iterable<...> | Promise<...> | Component<...> | null | undefined', gave the following error.
    Type 'Record<string, unknown>' is missing the following properties from type 'PreviewData': name, description, price, offerPrice, and 14 more.
  Overload 2 of 2, '(props: Props): string | number | bigint | boolean | ReactElement<unknown, string | JSXElementConstructor<any>> | Iterable<ReactNode> | Promise<...> | Component<...> | null | undefined', gave the following error.
    Type 'Record<string, unknown>' is missing the following properties from type 'PreviewData': name, description, price, offerPrice, and 14 more.
app/admin/products/new/product-form.tsx(458,71): error TS2345: Argument of type '(l: { referenceType: string; date: string; referenceId?: string; warehouse?: { name?: string; }; inQty: number; outQty: number; unitCost: number; }, i: number) => JSX.Element' is not assignable to parameter of type '(value: { referenceType: string; date: string | Date; referenceId?: string | undefined; warehouse?: { name?: string | undefined; } | undefined; inQty: number; outQty: number; unitCost: number; }, index: number, array: { ...; }[]) => Element'.
  Types of parameters 'l' and 'value' are incompatible.
    Type '{ referenceType: string; date: string | Date; referenceId?: string | undefined; warehouse?: { name?: string | undefined; } | undefined; inQty: number; outQty: number; unitCost: number; }' is not assignable to type '{ referenceType: string; date: string; referenceId?: string | undefined; warehouse?: { name?: string | undefined; } | undefined; inQty: number; outQty: number; unitCost: number; }'.
      Types of property 'date' are incompatible.
        Type 'string | Date' is not assignable to type 'string'.
          Type 'Date' is not assignable to type 'string'.
app/admin/products/new/product-form.tsx(602,57): error TS2345: Argument of type '(l: { referenceType: string; date: string; referenceId?: string; warehouse?: { name?: string; }; inQty: number; outQty: number; unitCost: number; }, i: number) => JSX.Element' is not assignable to parameter of type '(value: { referenceType: string; date: string | Date; referenceId?: string | undefined; warehouse?: { name?: string | undefined; } | undefined; inQty: number; outQty: number; unitCost: number; }, index: number, array: { ...; }[]) => Element'.
  Types of parameters 'l' and 'value' are incompatible.
    Type '{ referenceType: string; date: string | Date; referenceId?: string | undefined; warehouse?: { name?: string | undefined; } | undefined; inQty: number; outQty: number; unitCost: number; }' is not assignable to type '{ referenceType: string; date: string; referenceId?: string | undefined; warehouse?: { name?: string | undefined; } | undefined; inQty: number; outQty: number; unitCost: number; }'.
      Types of property 'date' are incompatible.
        Type 'string | Date' is not assignable to type 'string'.
          Type 'Date' is not assignable to type 'string'.
app/admin/products/page.tsx(59,15): error TS2339: Property 'status' does not exist on type '{ stock: number; variants: any; model: string | null; id: string; description: string | null; createdAt: Date; updatedAt: Date; name: string; type: ProductType; slug: string; ... 38 more ...; attributes: JsonValue; }'.
app/admin/products/page.tsx(60,24): error TS2339: Property 'status' does not exist on type '{ stock: number; variants: any; model: string | null; id: string; description: string | null; createdAt: Date; updatedAt: Date; name: string; type: ProductType; slug: string; ... 38 more ...; attributes: JsonValue; }'.
app/admin/purchases/page.tsx(53,12): error TS2339: Property 'purchaseOrder' does not exist on type 'PrismaClient<PrismaClientOptions, never, DefaultArgs>'.
app/admin/purchases/page.tsx(135,27): error TS7006: Parameter 'po' implicitly has an 'any' type.
app/admin/purchases/returns/[id]/debit-note/page.tsx(11,27): error TS2339: Property 'purchaseReturn' does not exist on type 'PrismaClient<PrismaClientOptions, never, DefaultArgs>'.
app/admin/purchases/returns/[id]/debit-note/page.tsx(26,40): error TS7006: Parameter 'sum' implicitly has an 'any' type.
app/admin/purchases/returns/[id]/debit-note/page.tsx(26,45): error TS7006: Parameter 'item' implicitly has an 'any' type.
app/admin/purchases/returns/new/page.tsx(12,12): error TS2339: Property 'purchaseOrder' does not exist on type 'PrismaClient<PrismaClientOptions, never, DefaultArgs>'.
app/admin/suppliers/[id]/page.tsx(44,19): error TS2353: Object literal may only specify known properties, and 'purchaseOrders' does not exist in type 'SupplierCountOutputTypeSelect<DefaultArgs>'.
app/admin/suppliers/[id]/page.tsx(52,12): error TS2339: Property 'purchaseOrder' does not exist on type 'PrismaClient<PrismaClientOptions, never, DefaultArgs>'.
app/admin/suppliers/[id]/page.tsx(56,12): error TS2339: Property 'purchaseOrder' does not exist on type 'PrismaClient<PrismaClientOptions, never, DefaultArgs>'.
app/admin/suppliers/[id]/page.tsx(66,95): error TS2339: Property 'openingBalance' does not exist on type '{ id: string; createdAt: Date; updatedAt: Date; name: string; phone: string; address: string | null; isActive: boolean; companyName: string | null; notes: string | null; }'.
app/admin/suppliers/[id]/page.tsx(87,40): error TS2339: Property 'status' does not exist on type '{ id: string; createdAt: Date; updatedAt: Date; name: string; phone: string; address: string | null; isActive: boolean; companyName: string | null; notes: string | null; }'.
app/admin/suppliers/[id]/page.tsx(88,27): error TS2339: Property 'status' does not exist on type '{ id: string; createdAt: Date; updatedAt: Date; name: string; phone: string; address: string | null; isActive: boolean; companyName: string | null; notes: string | null; }'.
app/admin/suppliers/[id]/page.tsx(92,31): error TS2339: Property 'supplierCode' does not exist on type '{ id: string; createdAt: Date; updatedAt: Date; name: string; phone: string; address: string | null; isActive: boolean; companyName: string | null; notes: string | null; }'.
app/admin/suppliers/[id]/page.tsx(119,57): error TS2339: Property '_count' does not exist on type '{ id: string; createdAt: Date; updatedAt: Date; name: string; phone: string; address: string | null; isActive: boolean; companyName: string | null; notes: string | null; }'.
app/admin/suppliers/[id]/page.tsx(133,85): error TS2339: Property 'openingBalance' does not exist on type '{ id: string; createdAt: Date; updatedAt: Date; name: string; phone: string; address: string | null; isActive: boolean; companyName: string | null; notes: string | null; }'.
app/admin/suppliers/[id]/page.tsx(160,57): error TS2339: Property 'tradeLicenseNo' does not exist on type '{ id: string; createdAt: Date; updatedAt: Date; name: string; phone: string; address: string | null; isActive: boolean; companyName: string | null; notes: string | null; }'.
app/admin/suppliers/[id]/page.tsx(165,59): error TS2339: Property 'binNumber' does not exist on type '{ id: string; createdAt: Date; updatedAt: Date; name: string; phone: string; address: string | null; isActive: boolean; companyName: string | null; notes: string | null; }'.
app/admin/suppliers/[id]/page.tsx(169,59): error TS2339: Property 'tinNumber' does not exist on type '{ id: string; createdAt: Date; updatedAt: Date; name: string; phone: string; address: string | null; isActive: boolean; companyName: string | null; notes: string | null; }'.
app/admin/suppliers/[id]/page.tsx(182,57): error TS2339: Property 'contactPerson' does not exist on type '{ id: string; createdAt: Date; updatedAt: Date; name: string; phone: string; address: string | null; isActive: boolean; companyName: string | null; notes: string | null; }'.
app/admin/suppliers/[id]/page.tsx(190,57): error TS2339: Property 'email' does not exist on type '{ id: string; createdAt: Date; updatedAt: Date; name: string; phone: string; address: string | null; isActive: boolean; companyName: string | null; notes: string | null; }'.
app/admin/suppliers/[id]/page.tsx(207,59): error TS2339: Property 'district' does not exist on type '{ id: string; createdAt: Date; updatedAt: Date; name: string; phone: string; address: string | null; isActive: boolean; companyName: string | null; notes: string | null; }'.
app/admin/suppliers/[id]/page.tsx(211,59): error TS2339: Property 'country' does not exist on type '{ id: string; createdAt: Date; updatedAt: Date; name: string; phone: string; address: string | null; isActive: boolean; companyName: string | null; notes: string | null; }'.
app/admin/suppliers/[id]/page.tsx(223,113): error TS2339: Property '_count' does not exist on type '{ id: string; createdAt: Date; updatedAt: Date; name: string; phone: string; address: string | null; isActive: boolean; companyName: string | null; notes: string | null; }'.
app/admin/suppliers/[id]/page.tsx(224,105): error TS2339: Property '_count' does not exist on type '{ id: string; createdAt: Date; updatedAt: Date; name: string; phone: string; address: string | null; isActive: boolean; companyName: string | null; notes: string | null; }'.
app/admin/suppliers/[id]/page.tsx(241,27): error TS2339: Property 'purchaseOrders' does not exist on type '{ id: string; createdAt: Date; updatedAt: Date; name: string; phone: string; address: string | null; isActive: boolean; companyName: string | null; notes: string | null; }'.
app/admin/suppliers/[id]/page.tsx(253,33): error TS2339: Property 'purchaseOrders' does not exist on type '{ id: string; createdAt: Date; updatedAt: Date; name: string; phone: string; address: string | null; isActive: boolean; companyName: string | null; notes: string | null; }'.
app/admin/suppliers/[id]/page.tsx(253,53): error TS7006: Parameter 'po' implicitly has an 'any' type.
app/admin/suppliers/[id]/page.tsx(288,27): error TS2339: Property 'grns' does not exist on type '{ id: string; createdAt: Date; updatedAt: Date; name: string; phone: string; address: string | null; isActive: boolean; companyName: string | null; notes: string | null; }'.
app/admin/suppliers/[id]/page.tsx(299,33): error TS2339: Property 'grns' does not exist on type '{ id: string; createdAt: Date; updatedAt: Date; name: string; phone: string; address: string | null; isActive: boolean; companyName: string | null; notes: string | null; }'.
app/admin/suppliers/[id]/page.tsx(299,43): error TS7006: Parameter 'grn' implicitly has an 'any' type.
app/admin/suppliers/[id]/statement/page.tsx(44,62): error TS2339: Property 'email' does not exist on type '{ id: string; createdAt: Date; updatedAt: Date; name: string; phone: string; address: string | null; isActive: boolean; companyName: string | null; notes: string | null; }'.
app/admin/suppliers/page.tsx(41,7): error TS2322: Type '{ openingBalance: true; }' is not assignable to type 'never'.
app/admin/suppliers/page.tsx(80,56): error TS2339: Property '_sum' does not exist on type 'GetSupplierAggregateType<{ _count: { _all: true; }; _sum: { openingBalance: boolean; }; }>'.
app/admin/suppliers/page.tsx(121,33): error TS2339: Property 'supplierCode' does not exist on type '{ id: string; createdAt: Date; updatedAt: Date; name: string; phone: string; address: string | null; isActive: boolean; companyName: string | null; notes: string | null; }'.
app/admin/suppliers/page.tsx(134,33): error TS2339: Property 'contactPerson' does not exist on type '{ id: string; createdAt: Date; updatedAt: Date; name: string; phone: string; address: string | null; isActive: boolean; companyName: string | null; notes: string | null; }'.
app/admin/suppliers/page.tsx(135,89): error TS2339: Property 'contactPerson' does not exist on type '{ id: string; createdAt: Date; updatedAt: Date; name: string; phone: string; address: string | null; isActive: boolean; companyName: string | null; notes: string | null; }'.
app/admin/suppliers/page.tsx(139,58): error TS2339: Property 'district' does not exist on type '{ id: string; createdAt: Date; updatedAt: Date; name: string; phone: string; address: string | null; isActive: boolean; companyName: string | null; notes: string | null; }'.
app/admin/suppliers/page.tsx(140,80): error TS2339: Property 'country' does not exist on type '{ id: string; createdAt: Date; updatedAt: Date; name: string; phone: string; address: string | null; isActive: boolean; companyName: string | null; notes: string | null; }'.
app/admin/suppliers/page.tsx(143,34): error TS2339: Property 'openingBalance' does not exist on type '{ id: string; createdAt: Date; updatedAt: Date; name: string; phone: string; address: string | null; isActive: boolean; companyName: string | null; notes: string | null; }'.
app/admin/suppliers/page.tsx(146,48): error TS2339: Property 'status' does not exist on type '{ id: string; createdAt: Date; updatedAt: Date; name: string; phone: string; address: string | null; isActive: boolean; companyName: string | null; notes: string | null; }'.
app/admin/suppliers/page.tsx(147,35): error TS2339: Property 'status' does not exist on type '{ id: string; createdAt: Date; updatedAt: Date; name: string; phone: string; address: string | null; isActive: boolean; companyName: string | null; notes: string | null; }'.
app/api/cron/low-stock/route.ts(35,46): error TS2353: Object literal may only specify known properties, and 'status' does not exist in type 'ProductWhereInput'.
app/api/products/recommended/route.ts(71,11): error TS2353: Object literal may only specify known properties, and 'status' does not exist in type 'ProductWhereInput'.
app/api/products/recommended/route.ts(96,16): error TS2353: Object literal may only specify known properties, and 'status' does not exist in type 'ProductWhereInput'.
app/api/search/image/route.ts(167,9): error TS2353: Object literal may only specify known properties, and 'status' does not exist in type 'ProductWhereInput'.
app/api/search/image/route.ts(195,20): error TS2339: Property 'productImages' does not exist on type '{ model: string | null; id: string; description: string | null; createdAt: Date; updatedAt: Date; name: string; type: ProductType; slug: string; sku: string | null; ... 38 more ...; attributes: JsonValue; }'.
app/api/search/image/route.ts(195,39): error TS7006: Parameter 'image' implicitly has an 'any' type.
app/api/search/image/route.ts(227,33): error TS2339: Property 'productImages' does not exist on type '{ model: string | null; id: string; description: string | null; createdAt: Date; updatedAt: Date; name: string; type: ProductType; slug: string; sku: string | null; ... 38 more ...; attributes: JsonValue; }'.
app/api/search/image/route.ts(228,31): error TS2551: Property 'category' does not exist on type '{ model: string | null; id: string; description: string | null; createdAt: Date; updatedAt: Date; name: string; type: ProductType; slug: string; sku: string | null; ... 38 more ...; attributes: JsonValue; }'. Did you mean 'categoryId'?
app/api/search/image/route.ts(229,28): error TS2551: Property 'brand' does not exist on type '{ model: string | null; id: string; description: string | null; createdAt: Date; updatedAt: Date; name: string; type: ProductType; slug: string; sku: string | null; ... 38 more ...; attributes: JsonValue; }'. Did you mean 'brandId'?
app/api/telegram-webhook/route.ts(147,50): error TS2353: Object literal may only specify known properties, and 'status' does not exist in type 'ProductWhereInput'.
app/categories/page.tsx(33,28): error TS2353: Object literal may only specify known properties, and 'status' does not exist in type 'ProductWhereInput'.
app/categories/page.tsx(71,28): error TS2551: Property 'parent' does not exist on type '{ id: string; description: string | null; createdAt: Date; updatedAt: Date; name: string; slug: string; isActive: boolean; image: string | null; shortCode: string | null; parentId: string | null; sortOrder: number; }'. Did you mean 'parentId'?
app/categories/page.tsx(72,26): error TS2339: Property 'products' does not exist on type '{ id: string; description: string | null; createdAt: Date; updatedAt: Date; name: string; slug: string; isActive: boolean; image: string | null; shortCode: string | null; parentId: string | null; sortOrder: number; }'.
app/categories/page.tsx(72,40): error TS7006: Parameter 'product' implicitly has an 'any' type.
app/categories/page.tsx(81,40): error TS7006: Parameter 'image' implicitly has an 'any' type.
app/products/[slug]/page.tsx(3,10): error TS2305: Module '"@prisma/client"' has no exported member 'ProductLifecycleStatus'.
lib/actions/accounting-actions.ts(10,35): error TS2339: Property 'chartOfAccount' does not exist on type 'PrismaClient<PrismaClientOptions, never, DefaultArgs>'.
lib/actions/accounting-actions.ts(26,35): error TS2339: Property 'chartOfAccount' does not exist on type 'PrismaClient<PrismaClientOptions, never, DefaultArgs>'.
lib/actions/accounting-actions.ts(29,34): error TS2339: Property 'chartOfAccount' does not exist on type 'PrismaClient<PrismaClientOptions, never, DefaultArgs>'.
lib/actions/accounting-actions.ts(42,34): error TS2339: Property 'journalEntry' does not exist on type 'PrismaClient<PrismaClientOptions, never, DefaultArgs>'.
lib/actions/accounting-actions.ts(80,30): error TS2339: Property 'journalEntry' does not exist on type 'Omit<PrismaClient<PrismaClientOptions, never, DefaultArgs>, "$extends" | "$transaction" | "$disconnect" | "$connect" | "$on" | "$use">'.
lib/actions/accounting-actions.ts(83,32): error TS2339: Property 'journalEntry' does not exist on type 'Omit<PrismaClient<PrismaClientOptions, never, DefaultArgs>, "$extends" | "$transaction" | "$disconnect" | "$connect" | "$on" | "$use">'.
lib/actions/accounting-actions.ts(103,36): error TS2339: Property 'chartOfAccount' does not exist on type 'Omit<PrismaClient<PrismaClientOptions, never, DefaultArgs>, "$extends" | "$transaction" | "$disconnect" | "$connect" | "$on" | "$use">'.
lib/actions/accounting-actions.ts(116,20): error TS2339: Property 'chartOfAccount' does not exist on type 'Omit<PrismaClient<PrismaClientOptions, never, DefaultArgs>, "$extends" | "$transaction" | "$disconnect" | "$connect" | "$on" | "$use">'.
lib/actions/accounting-reports-actions.ts(11,37): error TS2339: Property 'fiscalYear' does not exist on type 'PrismaClient<PrismaClientOptions, never, DefaultArgs>'.
lib/actions/accounting-reports-actions.ts(22,35): error TS2339: Property 'chartOfAccount' does not exist on type 'PrismaClient<PrismaClientOptions, never, DefaultArgs>'.
lib/actions/accounting-reports-actions.ts(31,32): error TS2339: Property 'journalEntryItem' does not exist on type 'PrismaClient<PrismaClientOptions, never, DefaultArgs>'.
lib/actions/accounting-reports-actions.ts(50,42): error TS7006: Parameter 'acc' implicitly has an 'any' type.
lib/actions/accounting-reports-actions.ts(51,37): error TS7006: Parameter 'i' implicitly has an 'any' type.
lib/actions/accounting-reports-actions.ts(52,41): error TS7006: Parameter 'sum' implicitly has an 'any' type.
lib/actions/accounting-reports-actions.ts(52,46): error TS7006: Parameter 'i' implicitly has an 'any' type.
lib/actions/accounting-reports-actions.ts(53,42): error TS7006: Parameter 'sum' implicitly has an 'any' type.
lib/actions/accounting-reports-actions.ts(53,47): error TS7006: Parameter 'i' implicitly has an 'any' type.
lib/actions/accounting-reports-actions.ts(89,15): error TS7006: Parameter 'acc' implicitly has an 'any' type.
lib/actions/accounting-reports-actions.ts(107,34): error TS2339: Property 'chartOfAccount' does not exist on type 'PrismaClient<PrismaClientOptions, never, DefaultArgs>'.
lib/actions/accounting-reports-actions.ts(117,32): error TS2339: Property 'journalEntryItem' does not exist on type 'PrismaClient<PrismaClientOptions, never, DefaultArgs>'.
lib/actions/accounting-reports-actions.ts(140,35): error TS7006: Parameter 'item' implicitly has an 'any' type.
lib/actions/accounting-setup-actions.ts(43,37): error TS2339: Property 'chartOfAccount' does not exist on type 'PrismaClient<PrismaClientOptions, never, DefaultArgs>'.
lib/actions/accounting-setup-actions.ts(48,22): error TS2339: Property 'chartOfAccount' does not exist on type 'PrismaClient<PrismaClientOptions, never, DefaultArgs>'.
lib/actions/adjustment-actions.ts(5,10): error TS2305: Module '"@prisma/client"' has no exported member 'StockAdjustmentReason'.
lib/actions/adjustment-actions.ts(47,14): error TS2339: Property 'stockAdjustment' does not exist on type 'PrismaClient<PrismaClientOptions, never, DefaultArgs>'.
lib/actions/adjustment-actions.ts(57,14): error TS2339: Property 'stockAdjustment' does not exist on type 'PrismaClient<PrismaClientOptions, never, DefaultArgs>'.
lib/actions/adjustment-actions.ts(77,30): error TS2339: Property 'stockAdjustment' does not exist on type 'PrismaClient<PrismaClientOptions, never, DefaultArgs>'.
lib/actions/adjustment-actions.ts(103,30): error TS2339: Property 'stockAdjustment' does not exist on type 'Omit<PrismaClient<PrismaClientOptions, never, DefaultArgs>, "$extends" | "$transaction" | "$disconnect" | "$connect" | "$on" | "$use">'.
lib/actions/adjustment-actions.ts(107,28): error TS2339: Property 'stockAdjustment' does not exist on type 'Omit<PrismaClient<PrismaClientOptions, never, DefaultArgs>, "$extends" | "$transaction" | "$disconnect" | "$connect" | "$on" | "$use">'.
lib/actions/adjustment-actions.ts(142,36): error TS2339: Property 'stockLedger' does not exist on type 'PrismaClient<PrismaClientOptions, never, DefaultArgs>'.
lib/actions/adjustment-actions.ts(163,28): error TS2339: Property 'stockAdjustment' does not exist on type 'Omit<PrismaClient<PrismaClientOptions, never, DefaultArgs>, "$extends" | "$transaction" | "$disconnect" | "$connect" | "$on" | "$use">'.
lib/actions/adjustment-actions.ts(172,35): error TS2339: Property 'stockAdjustment' does not exist on type 'Omit<PrismaClient<PrismaClientOptions, never, DefaultArgs>, "$extends" | "$transaction" | "$disconnect" | "$connect" | "$on" | "$use">'.
lib/actions/category-page-actions.ts(4,18): error TS2305: Module '"@prisma/client"' has no exported member 'ProductLifecycleStatus'.
lib/actions/category-page-actions.ts(26,3): error TS2353: Object literal may only specify known properties, and 'reservedStock' does not exist in type 'ProductSelect<DefaultArgs>'.
lib/actions/category-page-actions.ts(139,5): error TS2353: Object literal may only specify known properties, and 'status' does not exist in type 'ProductWhereInput'.
lib/actions/customer-actions.ts(8,36): error TS2339: Property 'customer' does not exist on type 'PrismaClient<PrismaClientOptions, never, DefaultArgs>'.
lib/actions/customer-actions.ts(19,35): error TS2339: Property 'customer' does not exist on type 'PrismaClient<PrismaClientOptions, never, DefaultArgs>'.
lib/actions/customer-actions.ts(40,35): error TS2339: Property 'customer' does not exist on type 'PrismaClient<PrismaClientOptions, never, DefaultArgs>'.
lib/actions/customer-actions.ts(56,20): error TS2339: Property 'customerLedger' does not exist on type 'PrismaClient<PrismaClientOptions, never, DefaultArgs>'.
lib/actions/customer-actions.ts(77,35): error TS2339: Property 'customer' does not exist on type 'PrismaClient<PrismaClientOptions, never, DefaultArgs>'.
lib/actions/fiscal-year-actions.ts(9,32): error TS2339: Property 'fiscalYear' does not exist on type 'PrismaClient<PrismaClientOptions, never, DefaultArgs>'.
lib/actions/fiscal-year-actions.ts(25,35): error TS2339: Property 'fiscalYear' does not exist on type 'PrismaClient<PrismaClientOptions, never, DefaultArgs>'.
lib/actions/fiscal-year-actions.ts(29,27): error TS2339: Property 'fiscalYear' does not exist on type 'Omit<PrismaClient<PrismaClientOptions, never, DefaultArgs>, "$extends" | "$transaction" | "$disconnect" | "$connect" | "$on" | "$use">'.
lib/actions/fiscal-year-actions.ts(59,16): error TS2339: Property 'accountingPeriod' does not exist on type 'Omit<PrismaClient<PrismaClientOptions, never, DefaultArgs>, "$extends" | "$transaction" | "$disconnect" | "$connect" | "$on" | "$use">'.
lib/actions/fiscal-year-actions.ts(75,18): error TS2339: Property 'accountingPeriod' does not exist on type 'PrismaClient<PrismaClientOptions, never, DefaultArgs>'.
lib/actions/grn-actions.ts(51,14): error TS2339: Property 'goodsReceiveNote' does not exist on type 'PrismaClient<PrismaClientOptions, never, DefaultArgs>'.
lib/actions/grn-actions.ts(63,14): error TS2339: Property 'goodsReceiveNote' does not exist on type 'PrismaClient<PrismaClientOptions, never, DefaultArgs>'.
lib/actions/grn-actions.ts(83,30): error TS2339: Property 'goodsReceiveNote' does not exist on type 'PrismaClient<PrismaClientOptions, never, DefaultArgs>'.
lib/actions/grn-actions.ts(111,30): error TS2339: Property 'goodsReceiveNote' does not exist on type 'Omit<PrismaClient<PrismaClientOptions, never, DefaultArgs>, "$extends" | "$transaction" | "$disconnect" | "$connect" | "$on" | "$use">'.
lib/actions/grn-actions.ts(115,28): error TS2339: Property 'goodsReceiveNote' does not exist on type 'Omit<PrismaClient<PrismaClientOptions, never, DefaultArgs>, "$extends" | "$transaction" | "$disconnect" | "$connect" | "$on" | "$use">'.
lib/actions/grn-actions.ts(150,28): error TS2339: Property 'goodsReceiveNote' does not exist on type 'Omit<PrismaClient<PrismaClientOptions, never, DefaultArgs>, "$extends" | "$transaction" | "$disconnect" | "$connect" | "$on" | "$use">'.
lib/actions/grn-actions.ts(162,35): error TS2339: Property 'goodsReceiveNote' does not exist on type 'Omit<PrismaClient<PrismaClientOptions, never, DefaultArgs>, "$extends" | "$transaction" | "$disconnect" | "$connect" | "$on" | "$use">'.
lib/actions/grn-actions.ts(175,11): error TS7006: Parameter 'pi' implicitly has an 'any' type.
lib/actions/grn-actions.ts(183,20): error TS2551: Property 'purchaseOrderItem' does not exist on type 'Omit<PrismaClient<PrismaClientOptions, never, DefaultArgs>, "$extends" | "$transaction" | "$disconnect" | "$connect" | "$on" | "$use">'. Did you mean 'purchaseItem'?
lib/actions/grn-actions.ts(208,35): error TS2551: Property 'purchaseOrderItem' does not exist on type 'Omit<PrismaClient<PrismaClientOptions, never, DefaultArgs>, "$extends" | "$transaction" | "$disconnect" | "$connect" | "$on" | "$use">'. Did you mean 'purchaseItem'?
lib/actions/grn-actions.ts(211,44): error TS7006: Parameter 'pi' implicitly has an 'any' type.
lib/actions/grn-actions.ts(212,16): error TS2339: Property 'purchaseOrder' does not exist on type 'Omit<PrismaClient<PrismaClientOptions, never, DefaultArgs>, "$extends" | "$transaction" | "$disconnect" | "$connect" | "$on" | "$use">'.
lib/actions/homepage-actions.ts(249,15): error TS2353: Object literal may only specify known properties, and 'status' does not exist in type 'ProductWhereInput'.
lib/actions/homepage-actions.ts(282,22): error TS2353: Object literal may only specify known properties, and 'status' does not exist in type 'ProductWhereInput'.
lib/actions/homepage-actions.ts(294,24): error TS2353: Object literal may only specify known properties, and 'status' does not exist in type 'ProductWhereInput'.
lib/actions/homepage-actions.ts(325,22): error TS2353: Object literal may only specify known properties, and 'status' does not exist in type 'ProductWhereInput'.
lib/actions/homepage-actions.ts(353,22): error TS2353: Object literal may only specify known properties, and 'status' does not exist in type 'ProductWhereInput'.
lib/actions/homepage-actions.ts(386,40): error TS2353: Object literal may only specify known properties, and 'status' does not exist in type 'ProductWhereInput'.
lib/actions/homepage-actions.ts(416,15): error TS2353: Object literal may only specify known properties, and 'status' does not exist in type 'ProductWhereInput'.
lib/actions/homepage-actions.ts(447,33): error TS2353: Object literal may only specify known properties, and 'status' does not exist in type 'ProductWhereInput'.
lib/actions/homepage-actions.ts(545,35): error TS2353: Object literal may only specify known properties, and 'status' does not exist in type 'ProductWhereInput'.
lib/actions/homepage-actions.ts(631,11): error TS2353: Object literal may only specify known properties, and 'status' does not exist in type 'ProductWhereInput'.
lib/actions/homepage-actions.ts(724,16): error TS2339: Property 'productImages' does not exist on type '{ model: string | null; id: string; description: string | null; createdAt: Date; updatedAt: Date; name: string; type: ProductType; slug: string; sku: string | null; ... 38 more ...; attributes: JsonValue; }'.
lib/actions/homepage-actions.ts(725,23): error TS2551: Property 'category' does not exist on type '{ model: string | null; id: string; description: string | null; createdAt: Date; updatedAt: Date; name: string; type: ProductType; slug: string; sku: string | null; ... 38 more ...; attributes: JsonValue; }'. Did you mean 'categoryId'?
lib/actions/homepage-actions.ts(726,20): error TS2551: Property 'brand' does not exist on type '{ model: string | null; id: string; description: string | null; createdAt: Date; updatedAt: Date; name: string; type: ProductType; slug: string; sku: string | null; ... 38 more ...; attributes: JsonValue; }'. Did you mean 'brandId'?
lib/actions/homepage-actions.ts(727,22): error TS2339: Property 'variants' does not exist on type '{ model: string | null; id: string; description: string | null; createdAt: Date; updatedAt: Date; name: string; type: ProductType; slug: string; sku: string | null; ... 38 more ...; attributes: JsonValue; }'.
lib/actions/homepage-actions.ts(728,14): error TS2339: Property 'variants' does not exist on type '{ model: string | null; id: string; description: string | null; createdAt: Date; updatedAt: Date; name: string; type: ProductType; slug: string; sku: string | null; ... 38 more ...; attributes: JsonValue; }'.
lib/actions/homepage-actions.ts(728,34): error TS2339: Property 'variants' does not exist on type '{ model: string | null; id: string; description: string | null; createdAt: Date; updatedAt: Date; name: string; type: ProductType; slug: string; sku: string | null; ... 38 more ...; attributes: JsonValue; }'.
lib/actions/homepage-actions.ts(728,53): error TS2339: Property 'variants' does not exist on type '{ model: string | null; id: string; description: string | null; createdAt: Date; updatedAt: Date; name: string; type: ProductType; slug: string; sku: string | null; ... 38 more ...; attributes: JsonValue; }'.
lib/actions/homepage-actions.ts(729,13): error TS2339: Property 'specs' does not exist on type '{ model: string | null; id: string; description: string | null; createdAt: Date; updatedAt: Date; name: string; type: ProductType; slug: string; sku: string | null; ... 38 more ...; attributes: JsonValue; }'.
lib/actions/homepage-actions.ts(730,18): error TS2339: Property 'specs' does not exist on type '{ model: string | null; id: string; description: string | null; createdAt: Date; updatedAt: Date; name: string; type: ProductType; slug: string; sku: string | null; ... 38 more ...; attributes: JsonValue; }'.
lib/actions/homepage-actions.ts(730,38): error TS2339: Property 'specs' does not exist on type '{ model: string | null; id: string; description: string | null; createdAt: Date; updatedAt: Date; name: string; type: ProductType; slug: string; sku: string | null; ... 38 more ...; attributes: JsonValue; }'.
lib/actions/ledger-viewer-actions.ts(29,23): error TS2724: '"D:/TechHat website/techhat-next/node_modules/.prisma/client/index".Prisma' has no exported member named 'StockLedgerWhereInput'. Did you mean 'OrderWhereInput'?
lib/actions/ledger-viewer-actions.ts(51,12): error TS2339: Property 'stockLedger' does not exist on type 'PrismaClient<PrismaClientOptions, never, DefaultArgs>'.
lib/actions/ledger-viewer-actions.ts(62,12): error TS2339: Property 'stockLedger' does not exist on type 'PrismaClient<PrismaClientOptions, never, DefaultArgs>'.
lib/actions/ledger-viewer-actions.ts(66,32): error TS2339: Property 'stockLedger' does not exist on type 'PrismaClient<PrismaClientOptions, never, DefaultArgs>'.
lib/actions/ledger-viewer-actions.ts(93,12): error TS2339: Property 'warehouse' does not exist on type 'PrismaClient<PrismaClientOptions, never, DefaultArgs>'.
lib/actions/ledger-viewer-actions.ts(98,16): error TS2353: Object literal may only specify known properties, and 'status' does not exist in type 'ProductWhereInput'.
lib/actions/ledger-viewer-actions.ts(109,23): error TS2724: '"D:/TechHat website/techhat-next/node_modules/.prisma/client/index".Prisma' has no exported member named 'StockLedgerWhereInput'. Did you mean 'OrderWhereInput'?
lib/actions/ledger-viewer-actions.ts(112,17): error TS2339: Property 'stockLedger' does not exist on type 'PrismaClient<PrismaClientOptions, never, DefaultArgs>'.
lib/actions/ledger-viewer-actions.ts(132,29): error TS7006: Parameter 'e' implicitly has an 'any' type.
lib/actions/ledger-viewer-actions.ts(151,17): error TS7006: Parameter 'r' implicitly has an 'any' type.
lib/actions/ledger-viewer-actions.ts(151,28): error TS7006: Parameter 'v' implicitly has an 'any' type.
lib/actions/payables-report-actions.ts(20,9): error TS2353: Object literal may only specify known properties, and 'supplierLedgers' does not exist in type 'SupplierInclude<DefaultArgs>'.
lib/actions/payables-report-actions.ts(33,25): error TS2339: Property 'supplierLedgers' does not exist on type '{ id: string; createdAt: Date; updatedAt: Date; name: string; phone: string; address: string | null; isActive: boolean; companyName: string | null; notes: string | null; }'.
lib/actions/payables-report-actions.ts(33,56): error TS2339: Property 'supplierLedgers' does not exist on type '{ id: string; createdAt: Date; updatedAt: Date; name: string; phone: string; address: string | null; isActive: boolean; companyName: string | null; notes: string | null; }'.
lib/actions/payables-report-actions.ts(33,94): error TS2339: Property 'openingBalance' does not exist on type '{ id: string; createdAt: Date; updatedAt: Date; name: string; phone: string; address: string | null; isActive: boolean; companyName: string | null; notes: string | null; }'.
lib/actions/payables-report-actions.ts(38,50): error TS2339: Property 'supplierLedger' does not exist on type 'PrismaClient<PrismaClientOptions, never, DefaultArgs>'.
lib/actions/payables-report-actions.ts(62,56): error TS7006: Parameter 'l' implicitly has an 'any' type.
lib/actions/payables-report-actions.ts(103,9): error TS2353: Object literal may only specify known properties, and 'openingBalance' does not exist in type 'SupplierSelect<DefaultArgs>'.
lib/actions/payables-report-actions.ts(113,25): error TS2339: Property 'supplierLedgers' does not exist on type '{ id: string; createdAt: Date; updatedAt: Date; name: string; phone: string; address: string | null; isActive: boolean; companyName: string | null; notes: string | null; }'.
lib/actions/payables-report-actions.ts(113,56): error TS2339: Property 'supplierLedgers' does not exist on type '{ id: string; createdAt: Date; updatedAt: Date; name: string; phone: string; address: string | null; isActive: boolean; companyName: string | null; notes: string | null; }'.
lib/actions/payables-report-actions.ts(113,94): error TS2339: Property 'openingBalance' does not exist on type '{ id: string; createdAt: Date; updatedAt: Date; name: string; phone: string; address: string | null; isActive: boolean; companyName: string | null; notes: string | null; }'.
lib/actions/po-actions.ts(62,14): error TS2339: Property 'purchaseOrder' does not exist on type 'PrismaClient<PrismaClientOptions, never, DefaultArgs>'.
lib/actions/po-actions.ts(73,14): error TS2339: Property 'purchaseOrder' does not exist on type 'PrismaClient<PrismaClientOptions, never, DefaultArgs>'.
lib/actions/po-actions.ts(93,29): error TS2339: Property 'purchaseOrder' does not exist on type 'PrismaClient<PrismaClientOptions, never, DefaultArgs>'.
lib/actions/po-actions.ts(173,30): error TS2339: Property 'purchaseOrder' does not exist on type 'PrismaClient<PrismaClientOptions, never, DefaultArgs>'.
lib/actions/po-actions.ts(202,32): error TS2339: Property 'purchaseOrder' does not exist on type 'PrismaClient<PrismaClientOptions, never, DefaultArgs>'.
lib/actions/po-actions.ts(205,29): error TS2339: Property 'purchaseOrder' does not exist on type 'PrismaClient<PrismaClientOptions, never, DefaultArgs>'.
lib/actions/po-actions.ts(243,35): error TS2339: Property 'purchaseOrder' does not exist on type 'PrismaClient<PrismaClientOptions, never, DefaultArgs>'.
lib/actions/po-actions.ts(248,18): error TS2551: Property 'purchaseOrderItem' does not exist on type 'PrismaClient<PrismaClientOptions, never, DefaultArgs>'. Did you mean 'purchaseItem'?
lib/actions/po-actions.ts(251,29): error TS2339: Property 'purchaseOrder' does not exist on type 'PrismaClient<PrismaClientOptions, never, DefaultArgs>'.
lib/actions/po-actions.ts(290,29): error TS2339: Property 'purchaseOrder' does not exist on type 'PrismaClient<PrismaClientOptions, never, DefaultArgs>'.
lib/actions/pos-actions.ts(210,9): error TS2353: Object literal may only specify known properties, and 'status' does not exist in type 'ProductWhereInput'.
lib/actions/pos-actions.ts(264,22): error TS2339: Property 'productImages' does not exist on type '{ model: string | null; id: string; description: string | null; createdAt: Date; updatedAt: Date; name: string; type: ProductType; slug: string; sku: string | null; ... 38 more ...; attributes: JsonValue; }'.
lib/actions/pos-actions.ts(265,29): error TS2551: Property 'category' does not exist on type '{ model: string | null; id: string; description: string | null; createdAt: Date; updatedAt: Date; name: string; type: ProductType; slug: string; sku: string | null; ... 38 more ...; attributes: JsonValue; }'. Did you mean 'categoryId'?
lib/actions/pos-actions.ts(266,25): error TS2339: Property 'variants' does not exist on type '{ model: string | null; id: string; description: string | null; createdAt: Date; updatedAt: Date; name: string; type: ProductType; slug: string; sku: string | null; ... 38 more ...; attributes: JsonValue; }'.
lib/actions/pos-actions.ts(266,39): error TS7006: Parameter 'v' implicitly has an 'any' type.
lib/actions/pos-actions.ts(599,40): error TS2353: Object literal may only specify known properties, and 'status' does not exist in type 'ProductWhereInput'.
lib/actions/pos-actions.ts(607,21): error TS2339: Property '_count' does not exist on type '{ id: string; description: string | null; createdAt: Date; updatedAt: Date; name: string; slug: string; isActive: boolean; image: string | null; shortCode: string | null; parentId: string | null; sortOrder: number; }'.
lib/actions/product-actions.ts(212,17): error TS2353: Object literal may only specify known properties, and 'status' does not exist in type 'Without<ProductCreateInput, ProductUncheckedCreateInput> & ProductUncheckedCreateInput'.
lib/actions/product-actions.ts(345,9): error TS2353: Object literal may only specify known properties, and 'status' does not exist in type 'ProductSelect<DefaultArgs>'.
lib/actions/product-actions.ts(484,19): error TS2339: Property 'variants' does not exist on type '{ model: string | null; id: string; description: string | null; createdAt: Date; updatedAt: Date; name: string; type: ProductType; slug: string; sku: string | null; ... 38 more ...; attributes: JsonValue; }'.
lib/actions/product-actions.ts(485,17): error TS2339: Property 'variants' does not exist on type '{ model: string | null; id: string; description: string | null; createdAt: Date; updatedAt: Date; name: string; type: ProductType; slug: string; sku: string | null; ... 38 more ...; attributes: JsonValue; }'.
lib/actions/product-actions.ts(496,19): error TS2339: Property 'variants' does not exist on type '{ model: string | null; id: string; description: string | null; createdAt: Date; updatedAt: Date; name: string; type: ProductType; slug: string; sku: string | null; ... 38 more ...; attributes: JsonValue; }'.
lib/actions/product-actions.ts(497,33): error TS2339: Property 'variants' does not exist on type '{ model: string | null; id: string; description: string | null; createdAt: Date; updatedAt: Date; name: string; type: ProductType; slug: string; sku: string | null; ... 38 more ...; attributes: JsonValue; }'.
lib/actions/product-actions.ts(505,19): error TS2339: Property 'variants' does not exist on type '{ model: string | null; id: string; description: string | null; createdAt: Date; updatedAt: Date; name: string; type: ProductType; slug: string; sku: string | null; ... 38 more ...; attributes: JsonValue; }'.
lib/actions/product-actions.ts(506,17): error TS2339: Property 'variants' does not exist on type '{ model: string | null; id: string; description: string | null; createdAt: Date; updatedAt: Date; name: string; type: ProductType; slug: string; sku: string | null; ... 38 more ...; attributes: JsonValue; }'.
lib/actions/product-actions.ts(703,17): error TS2353: Object literal may only specify known properties, and 'status' does not exist in type 'Without<ProductUpdateInput, ProductUncheckedUpdateInput> & ProductUncheckedUpdateInput'.
lib/actions/product-actions.ts(874,20): error TS2322: Type '{ status: any; } | {}' is not assignable to type 'ProductWhereInput'.
  Object literal may only specify known properties, and 'status' does not exist in type 'ProductWhereInput'.
lib/actions/product-actions.ts(956,17): error TS2353: Object literal may only specify known properties, and 'status' does not exist in type 'Without<ProductCreateInput, ProductUncheckedCreateInput> & ProductUncheckedCreateInput'.
lib/actions/product-duplicate-action.ts(76,38): error TS2339: Property 'tags' does not exist on type '{ variants: { expense: number; id: string; name: string; productId: string; sku: string | null; price: number; offerPrice: number | null; costPrice: number; stock: number; minStock: number; attributes: JsonValue; upc: string | null; hasSerial: boolean; image: string | null; productImageId: string | null; }[]; specs:...'.
lib/actions/product-duplicate-action.ts(77,38): error TS2339: Property 'safetyStock' does not exist on type '{ variants: { expense: number; id: string; name: string; productId: string; sku: string | null; price: number; offerPrice: number | null; costPrice: number; stock: number; minStock: number; attributes: JsonValue; upc: string | null; hasSerial: boolean; image: string | null; productImageId: string | null; }[]; specs:...'.
lib/actions/product-duplicate-action.ts(78,38): error TS2339: Property 'reorderQty' does not exist on type '{ variants: { expense: number; id: string; name: string; productId: string; sku: string | null; price: number; offerPrice: number | null; costPrice: number; stock: number; minStock: number; attributes: JsonValue; upc: string | null; hasSerial: boolean; image: string | null; productImageId: string | null; }[]; specs:...'.
lib/actions/product-duplicate-action.ts(79,38): error TS2339: Property 'leadTimeDays' does not exist on type '{ variants: { expense: number; id: string; name: string; productId: string; sku: string | null; price: number; offerPrice: number | null; costPrice: number; stock: number; minStock: number; attributes: JsonValue; upc: string | null; hasSerial: boolean; image: string | null; productImageId: string | null; }[]; specs:...'.
lib/actions/product-duplicate-action.ts(80,38): error TS2339: Property 'seoTitle' does not exist on type '{ variants: { expense: number; id: string; name: string; productId: string; sku: string | null; price: number; offerPrice: number | null; costPrice: number; stock: number; minStock: number; attributes: JsonValue; upc: string | null; hasSerial: boolean; image: string | null; productImageId: string | null; }[]; specs:...'.
lib/actions/product-duplicate-action.ts(80,67): error TS2339: Property 'seoTitle' does not exist on type '{ variants: { expense: number; id: string; name: string; productId: string; sku: string | null; price: number; offerPrice: number | null; costPrice: number; stock: number; minStock: number; attributes: JsonValue; upc: string | null; hasSerial: boolean; image: string | null; productImageId: string | null; }[]; specs:...'.
lib/actions/product-duplicate-action.ts(81,38): error TS2551: Property 'metaDescription' does not exist on type '{ variants: { expense: number; id: string; name: string; productId: string; sku: string | null; price: number; offerPrice: number | null; costPrice: number; stock: number; minStock: number; attributes: JsonValue; upc: string | null; hasSerial: boolean; image: string | null; productImageId: string | null; }[]; specs:...'. Did you mean 'description'?
lib/actions/product-enterprise-actions.ts(5,10): error TS2305: Module '"@prisma/client"' has no exported member 'ProductLifecycleStatus'.
lib/actions/product-enterprise-actions.ts(25,33): error TS2339: Property 'skuSequence' does not exist on type 'Omit<PrismaClient<PrismaClientOptions, never, DefaultArgs>, "$extends" | "$transaction" | "$disconnect" | "$connect" | "$on" | "$use">'.
lib/actions/product-enterprise-actions.ts(30,19): error TS2339: Property 'skuSequence' does not exist on type 'Omit<PrismaClient<PrismaClientOptions, never, DefaultArgs>, "$extends" | "$transaction" | "$disconnect" | "$connect" | "$on" | "$use">'.
lib/actions/product-enterprise-actions.ts(35,19): error TS2339: Property 'skuSequence' does not exist on type 'Omit<PrismaClient<PrismaClientOptions, never, DefaultArgs>, "$extends" | "$transaction" | "$disconnect" | "$connect" | "$on" | "$use">'.
lib/actions/product-enterprise-actions.ts(106,17): error TS2353: Object literal may only specify known properties, and 'status' does not exist in type 'ProductSelect<DefaultArgs>'.
lib/actions/product-enterprise-actions.ts(116,11): error TS2353: Object literal may only specify known properties, and 'status' does not exist in type '(Without<ProductUpdateInput, ProductUncheckedUpdateInput> & ProductUncheckedUpdateInput) | (Without<...> & ProductUpdateInput)'.
lib/actions/product-enterprise-actions.ts(119,14): error TS2339: Property 'productAuditLog' does not exist on type 'PrismaClient<PrismaClientOptions, never, DefaultArgs>'.
lib/actions/product-enterprise-actions.ts(125,37): error TS2339: Property 'status' does not exist on type '{ model: string | null; id: string; description: string | null; createdAt: Date; updatedAt: Date; name: string; type: ProductType; slug: string; sku: string | null; ... 38 more ...; attributes: JsonValue; }'.
lib/actions/product-enterprise-actions.ts(146,31): error TS2339: Property 'productAuditLog' does not exist on type 'PrismaClient<PrismaClientOptions, never, DefaultArgs>'.
lib/actions/product-enterprise-actions.ts(169,18): error TS2339: Property 'productAuditLog' does not exist on type 'PrismaClient<PrismaClientOptions, never, DefaultArgs>'.
lib/actions/product-enterprise-actions.ts(197,9): error TS2353: Object literal may only specify known properties, and 'safetyStock' does not exist in type 'ProductSelect<DefaultArgs>'.
lib/actions/product-enterprise-actions.ts(240,28): error TS2339: Property 'safetyStock' does not exist on type '{ model: string | null; id: string; description: string | null; createdAt: Date; updatedAt: Date; name: string; type: ProductType; slug: string; sku: string | null; ... 38 more ...; attributes: JsonValue; }'.
lib/actions/product-enterprise-actions.ts(241,25): error TS2339: Property 'variants' does not exist on type '{ model: string | null; id: string; description: string | null; createdAt: Date; updatedAt: Date; name: string; type: ProductType; slug: string; sku: string | null; ... 38 more ...; attributes: JsonValue; }'.
lib/actions/product-enterprise-actions.ts(254,36): error TS2339: Property 'supplierProduct' does not exist on type 'PrismaClient<PrismaClientOptions, never, DefaultArgs>'.
lib/actions/product-enterprise-actions.ts(269,33): error TS2339: Property 'productAuditLog' does not exist on type 'PrismaClient<PrismaClientOptions, never, DefaultArgs>'.
lib/actions/product-enterprise-actions.ts(275,34): error TS2339: Property 'stockLedger' does not exist on type 'PrismaClient<PrismaClientOptions, never, DefaultArgs>'.
lib/actions/product-enterprise-actions.ts(291,20): error TS7006: Parameter 'a' implicitly has an 'any' type.
lib/actions/product-enterprise-actions.ts(303,21): error TS7006: Parameter 'l' implicitly has an 'any' type.
lib/actions/product-history-actions.ts(7,34): error TS2551: Property 'purchaseOrderItem' does not exist on type 'PrismaClient<PrismaClientOptions, never, DefaultArgs>'. Did you mean 'purchaseItem'?
lib/actions/product-history-actions.ts(34,35): error TS2339: Property 'goodsReceiveNoteItem' does not exist on type 'PrismaClient<PrismaClientOptions, never, DefaultArgs>'.
lib/actions/product-json-actions.ts(202,17): error TS2353: Object literal may only specify known properties, and 'status' does not exist in type 'ProductSelect<DefaultArgs>'.
lib/actions/product-stock-actions.ts(87,9): error TS2353: Object literal may only specify known properties, and 'status' does not exist in type 'ProductSelect<DefaultArgs>'.
lib/actions/product-stock-actions.ts(129,23): error TS2339: Property 'variants' does not exist on type '{ model: string | null; id: string; description: string | null; createdAt: Date; updatedAt: Date; name: string; type: ProductType; slug: string; sku: string | null; ... 38 more ...; attributes: JsonValue; }'.
lib/actions/product-stock-actions.ts(140,19): error TS2339: Property 'variants' does not exist on type '{ model: string | null; id: string; description: string | null; createdAt: Date; updatedAt: Date; name: string; type: ProductType; slug: string; sku: string | null; ... 38 more ...; attributes: JsonValue; }'.
lib/actions/product-stock-actions.ts(140,33): error TS7006: Parameter 'v' implicitly has an 'any' type.
lib/actions/product-stock-actions.ts(177,21): error TS2353: Object literal may only specify known properties, and 'status' does not exist in type '(Without<ProductUpdateManyMutationInput, ProductUncheckedUpdateManyInput> & ProductUncheckedUpdateManyInput) | (Without<...> & ProductUpdateManyMutationInput)'.
lib/actions/products-page-actions.ts(4,18): error TS2305: Module '"@prisma/client"' has no exported member 'ProductLifecycleStatus'.
lib/actions/products-page-actions.ts(17,3): error TS2353: Object literal may only specify known properties, and 'reservedStock' does not exist in type 'ProductSelect<DefaultArgs>'.
lib/actions/products-page-actions.ts(128,45): error TS2353: Object literal may only specify known properties, and 'status' does not exist in type 'ProductWhereInput'.
lib/actions/purchase-return-actions.ts(9,34): error TS2339: Property 'purchaseReturn' does not exist on type 'PrismaClient<PrismaClientOptions, never, DefaultArgs>'.
lib/actions/purchase-return-actions.ts(31,29): error TS2339: Property 'purchaseReturn' does not exist on type 'PrismaClient<PrismaClientOptions, never, DefaultArgs>'.
lib/actions/purchase-return-actions.ts(62,30): error TS2339: Property 'purchaseReturn' does not exist on type 'Omit<PrismaClient<PrismaClientOptions, never, DefaultArgs>, "$extends" | "$transaction" | "$disconnect" | "$connect" | "$on" | "$use">'.
lib/actions/purchase-return-actions.ts(65,27): error TS2339: Property 'purchaseReturn' does not exist on type 'Omit<PrismaClient<PrismaClientOptions, never, DefaultArgs>, "$extends" | "$transaction" | "$disconnect" | "$connect" | "$on" | "$use">'.
lib/actions/purchase-return-actions.ts(97,29): error TS2339: Property 'purchaseReturn' does not exist on type 'PrismaClient<PrismaClientOptions, never, DefaultArgs>'.
lib/actions/purchase-return-actions.ts(111,16): error TS2339: Property 'purchaseReturn' does not exist on type 'Omit<PrismaClient<PrismaClientOptions, never, DefaultArgs>, "$extends" | "$transaction" | "$disconnect" | "$connect" | "$on" | "$use">'.
lib/actions/receivables-actions.ts(19,36): error TS2339: Property 'customer' does not exist on type 'PrismaClient<PrismaClientOptions, never, DefaultArgs>'.
lib/actions/receivables-actions.ts(81,36): error TS2339: Property 'customer' does not exist on type 'PrismaClient<PrismaClientOptions, never, DefaultArgs>'.
lib/actions/receivables-actions.ts(93,41): error TS7006: Parameter 'c' implicitly has an 'any' type.
lib/actions/receivables-actions.ts(93,69): error TS7006: Parameter 'sum' implicitly has an 'any' type.
lib/actions/receivables-actions.ts(93,74): error TS7006: Parameter 'c' implicitly has an 'any' type.
lib/actions/receivables-actions.ts(94,38): error TS7006: Parameter 'c' implicitly has an 'any' type.
lib/actions/receivables-actions.ts(94,66): error TS7006: Parameter 'sum' implicitly has an 'any' type.
lib/actions/receivables-actions.ts(94,71): error TS7006: Parameter 'c' implicitly has an 'any' type.
lib/actions/receivables-actions.ts(107,35): error TS2339: Property 'customer' does not exist on type 'PrismaClient<PrismaClientOptions, never, DefaultArgs>'.
lib/actions/receivables-actions.ts(117,37): error TS2339: Property 'customerLedger' does not exist on type 'PrismaClient<PrismaClientOptions, never, DefaultArgs>'.
lib/actions/receivables-actions.ts(130,45): error TS7006: Parameter 'l' implicitly has an 'any' type.
lib/actions/report-actions.ts(56,40): error TS2339: Property 'supplierLedger' does not exist on type 'PrismaClient<PrismaClientOptions, never, DefaultArgs>'.
lib/actions/report-actions.ts(63,61): error TS7006: Parameter 'entry' implicitly has an 'any' type.
lib/actions/report-actions.ts(132,16): error TS2353: Object literal may only specify known properties, and 'status' does not exist in type 'ProductWhereInput'.
lib/actions/report-actions.ts(162,25): error TS2551: Property 'category' does not exist on type '{ model: string | null; id: string; description: string | null; createdAt: Date; updatedAt: Date; name: string; type: ProductType; slug: string; sku: string | null; ... 38 more ...; attributes: JsonValue; }'. Did you mean 'categoryId'?
lib/actions/report-actions.ts(163,22): error TS2551: Property 'brand' does not exist on type '{ model: string | null; id: string; description: string | null; createdAt: Date; updatedAt: Date; name: string; type: ProductType; slug: string; sku: string | null; ... 38 more ...; attributes: JsonValue; }'. Did you mean 'brandId'?
lib/actions/report-actions.ts(188,16): error TS2353: Object literal may only specify known properties, and 'status' does not exist in type 'ProductWhereInput'.
lib/actions/report-actions.ts(200,34): error TS2339: Property 'stockLedger' does not exist on type 'PrismaClient<PrismaClientOptions, never, DefaultArgs>'.
lib/actions/report-actions.ts(211,22): error TS7006: Parameter 'l' implicitly has an 'any' type.
lib/actions/report-actions.ts(245,25): error TS2551: Property 'category' does not exist on type '{ model: string | null; id: string; description: string | null; createdAt: Date; updatedAt: Date; name: string; type: ProductType; slug: string; sku: string | null; ... 38 more ...; attributes: JsonValue; }'. Did you mean 'categoryId'?
lib/actions/report-actions.ts(333,34): error TS2339: Property 'supplierLedger' does not exist on type 'PrismaClient<PrismaClientOptions, never, DefaultArgs>'.
lib/actions/report-actions.ts(342,21): error TS7006: Parameter 'l' implicitly has an 'any' type.
lib/actions/report-actions.ts(354,40): error TS2339: Property 'supplierLedger' does not exist on type 'PrismaClient<PrismaClientOptions, never, DefaultArgs>'.
lib/actions/report-actions.ts(362,27): error TS7006: Parameter 'l' implicitly has an 'any' type.
lib/actions/report-actions.ts(427,7): error TS2353: Object literal may only specify known properties, and 'costPrice' does not exist in type 'OrderItemSelect<DefaultArgs>'.
lib/actions/report-actions.ts(432,22): error TS2339: Property 'costPrice' does not exist on type '{ id: string; createdAt: Date; productId: string; variantId: string | null; quantity: number; unitPrice: number; total: number; orderId: string; productName: string; }'.
lib/actions/reservation-actions.ts(27,40): error TS2339: Property 'warehouseTransferItem' does not exist on type 'PrismaClient<PrismaClientOptions, never, DefaultArgs>'.
lib/actions/reservation-actions.ts(55,34): error TS2551: Property 'purchaseOrderItem' does not exist on type 'PrismaClient<PrismaClientOptions, never, DefaultArgs>'. Did you mean 'purchaseItem'?
lib/actions/reservation-actions.ts(71,42): error TS7006: Parameter 'sum' implicitly has an 'any' type.
lib/actions/reservation-actions.ts(71,47): error TS7006: Parameter 'item' implicitly has an 'any' type.
lib/actions/reservation-actions.ts(89,45): error TS2339: Property 'stockAdjustmentItem' does not exist on type 'PrismaClient<PrismaClientOptions, never, DefaultArgs>'.
lib/actions/reservation-actions.ts(128,19): error TS2353: Object literal may only specify known properties, and 'reservedStock' does not exist in type '(Without<VariantUpdateInput, VariantUncheckedUpdateInput> & VariantUncheckedUpdateInput) | (Without<...> & VariantUpdateInput)'.
lib/actions/reservation-actions.ts(135,17): error TS2353: Object literal may only specify known properties, and 'reservedStock' does not exist in type '(Without<ProductUpdateInput, ProductUncheckedUpdateInput> & ProductUncheckedUpdateInput) | (Without<...> & ProductUpdateInput)'.
lib/actions/reservation-actions.ts(142,17): error TS2353: Object literal may only specify known properties, and 'reservedStock' does not exist in type '(Without<ProductUpdateInput, ProductUncheckedUpdateInput> & ProductUncheckedUpdateInput) | (Without<...> & ProductUpdateInput)'.
lib/actions/return-actions.ts(36,40): error TS2339: Property 'warehouse' does not exist on type 'PrismaClient<PrismaClientOptions, never, DefaultArgs>'.
lib/actions/stock-ledger-actions.ts(2,10): error TS2305: Module '"@prisma/client"' has no exported member 'StockLedgerRefType'.
lib/actions/supplier-actions.ts(87,21): error TS2353: Object literal may only specify known properties, and 'purchaseOrders' does not exist in type 'SupplierCountOutputTypeSelect<DefaultArgs>'.
lib/actions/supplier-actions.ts(95,41): error TS2339: Property 'purchaseOrder' does not exist on type 'PrismaClient<PrismaClientOptions, never, DefaultArgs>'.
lib/actions/supplier-actions.ts(127,9): error TS2353: Object literal may only specify known properties, and 'supplierCode' does not exist in type '(Without<SupplierCreateInput, SupplierUncheckedCreateInput> & SupplierUncheckedCreateInput) | (Without<...> & SupplierCreateInput)'.
lib/actions/supplier-actions.ts(169,30): error TS2339: Property 'purchaseOrder' does not exist on type 'PrismaClient<PrismaClientOptions, never, DefaultArgs>'.
lib/actions/supplier-actions.ts(187,16): error TS2353: Object literal may only specify known properties, and 'status' does not exist in type 'SupplierWhereInput'.
lib/actions/supplier-actions.ts(188,58): error TS2353: Object literal may only specify known properties, and 'supplierCode' does not exist in type 'SupplierSelect<DefaultArgs>'.
lib/actions/supplier-ledger-actions.ts(21,17): error TS2353: Object literal may only specify known properties, and 'openingBalance' does not exist in type 'SupplierSelect<DefaultArgs>'.
lib/actions/supplier-ledger-actions.ts(27,36): error TS2339: Property 'supplierLedger' does not exist on type 'PrismaClient<PrismaClientOptions, never, DefaultArgs>'.
lib/actions/supplier-ledger-actions.ts(34,57): error TS7006: Parameter 'l' implicitly has an 'any' type.
lib/actions/supplier-statement-actions.ts(18,37): error TS2339: Property 'supplierLedger' does not exist on type 'PrismaClient<PrismaClientOptions, never, DefaultArgs>'.
lib/actions/supplier-statement-actions.ts(24,35): error TS2339: Property 'openingBalance' does not exist on type '{ id: string; createdAt: Date; updatedAt: Date; name: string; phone: string; address: string | null; isActive: boolean; companyName: string | null; notes: string | null; }'.
lib/actions/supplier-statement-actions.ts(25,51): error TS7006: Parameter 'l' implicitly has an 'any' type.
lib/actions/supplier-statement-actions.ts(40,35): error TS2339: Property 'openingBalance' does not exist on type '{ id: string; createdAt: Date; updatedAt: Date; name: string; phone: string; address: string | null; isActive: boolean; companyName: string | null; notes: string | null; }'.
lib/actions/supplier-statement-actions.ts(41,44): error TS2339: Property 'openingBalance' does not exist on type '{ id: string; createdAt: Date; updatedAt: Date; name: string; phone: string; address: string | null; isActive: boolean; companyName: string | null; notes: string | null; }'.
lib/actions/supplier-statement-actions.ts(54,45): error TS7006: Parameter 'l' implicitly has an 'any' type.
lib/actions/transfer-actions.ts(9,36): error TS2339: Property 'warehouseTransfer' does not exist on type 'PrismaClient<PrismaClientOptions, never, DefaultArgs>'.
lib/actions/transfer-actions.ts(31,35): error TS2339: Property 'warehouseTransfer' does not exist on type 'PrismaClient<PrismaClientOptions, never, DefaultArgs>'.
lib/actions/transfer-actions.ts(66,30): error TS2339: Property 'warehouseTransfer' does not exist on type 'Omit<PrismaClient<PrismaClientOptions, never, DefaultArgs>, "$extends" | "$transaction" | "$disconnect" | "$connect" | "$on" | "$use">'.
lib/actions/transfer-actions.ts(70,36): error TS2339: Property 'warehouseTransfer' does not exist on type 'Omit<PrismaClient<PrismaClientOptions, never, DefaultArgs>, "$extends" | "$transaction" | "$disconnect" | "$connect" | "$on" | "$use">'.
lib/actions/transfer-actions.ts(101,35): error TS2339: Property 'warehouseTransfer' does not exist on type 'PrismaClient<PrismaClientOptions, never, DefaultArgs>'.
lib/actions/transfer-actions.ts(111,16): error TS2339: Property 'warehouseTransfer' does not exist on type 'Omit<PrismaClient<PrismaClientOptions, never, DefaultArgs>, "$extends" | "$transaction" | "$disconnect" | "$connect" | "$on" | "$use">'.
lib/actions/transfer-actions.ts(150,44): error TS7006: Parameter 'item' implicitly has an 'any' type.
lib/actions/valuation-actions.ts(14,16): error TS2353: Object literal may only specify known properties, and 'status' does not exist in type 'ProductWhereInput'.
lib/actions/valuation-actions.ts(37,13): error TS2339: Property 'variants' does not exist on type '{ model: string | null; id: string; description: string | null; createdAt: Date; updatedAt: Date; name: string; type: ProductType; slug: string; sku: string | null; ... 38 more ...; attributes: JsonValue; }'.
lib/actions/valuation-actions.ts(39,27): error TS2339: Property 'variants' does not exist on type '{ model: string | null; id: string; description: string | null; createdAt: Date; updatedAt: Date; name: string; type: ProductType; slug: string; sku: string | null; ... 38 more ...; attributes: JsonValue; }'.
lib/actions/valuation-actions.ts(43,45): error TS2339: Property 'stockLedger' does not exist on type 'PrismaClient<PrismaClientOptions, never, DefaultArgs>'.
lib/actions/valuation-actions.ts(67,43): error TS2339: Property 'stockLedger' does not exist on type 'PrismaClient<PrismaClientOptions, never, DefaultArgs>'.
lib/actions/warehouse-actions.ts(16,37): error TS2339: Property 'warehouse' does not exist on type 'PrismaClient<PrismaClientOptions, never, DefaultArgs>'.
lib/actions/warehouse-actions.ts(49,14): error TS2339: Property 'warehouse' does not exist on type 'PrismaClient<PrismaClientOptions, never, DefaultArgs>'.
lib/actions/warehouse-actions.ts(55,14): error TS2339: Property 'warehouse' does not exist on type 'PrismaClient<PrismaClientOptions, never, DefaultArgs>'.
lib/actions/warehouse-actions.ts(75,36): error TS2339: Property 'warehouse' does not exist on type 'PrismaClient<PrismaClientOptions, never, DefaultArgs>'.
lib/actions/warehouse-actions.ts(84,38): error TS2339: Property 'stockLedger' does not exist on type 'PrismaClient<PrismaClientOptions, never, DefaultArgs>'.
lib/actions/warehouse-actions.ts(97,40): error TS2339: Property 'stockLedger' does not exist on type 'PrismaClient<PrismaClientOptions, never, DefaultArgs>'.
lib/actions/warehouse-actions.ts(104,27): error TS7006: Parameter 'v' implicitly has an 'any' type.
lib/actions/warehouse-actions.ts(149,63): error TS2353: Object literal may only specify known properties, and 'lastPurchaseCost' does not exist in type 'ProductSelect<DefaultArgs>'.
lib/actions/warehouse-actions.ts(152,28): error TS2339: Property 'lastPurchaseCost' does not exist on type '{ model: string | null; id: string; description: string | null; createdAt: Date; updatedAt: Date; name: string; type: ProductType; slug: string; sku: string | null; ... 38 more ...; attributes: JsonValue; }'.
lib/actions/warehouse-actions.ts(180,35): error TS2339: Property 'warehouse' does not exist on type 'PrismaClient<PrismaClientOptions, never, DefaultArgs>'.
lib/actions/warehouse-actions.ts(183,36): error TS2339: Property 'warehouse' does not exist on type 'PrismaClient<PrismaClientOptions, never, DefaultArgs>'.
lib/actions/warehouse-actions.ts(203,35): error TS2339: Property 'warehouse' does not exist on type 'PrismaClient<PrismaClientOptions, never, DefaultArgs>'.
lib/actions/warehouse-actions.ts(208,36): error TS2339: Property 'warehouse' does not exist on type 'PrismaClient<PrismaClientOptions, never, DefaultArgs>'.
lib/actions/warehouse-actions.ts(231,65): error TS2353: Object literal may only specify known properties, and 'status' does not exist in type 'ProductWhereInput'.
lib/actions/warehouse-actions.ts(234,43): error TS2339: Property 'warehouse' does not exist on type 'PrismaClient<PrismaClientOptions, never, DefaultArgs>'.
lib/actions/warehouse-actions.ts(240,9): error TS2353: Object literal may only specify known properties, and 'status' does not exist in type 'ProductWhereInput'.
lib/actions/warehouse-actions.ts(243,30): error TS2353: Object literal may only specify known properties, and 'lastPurchaseCost' does not exist in type 'ProductSelect<DefaultArgs>'.
lib/actions/warehouse-actions.ts(256,22): error TS2339: Property 'lastPurchaseCost' does not exist on type '{ model: string | null; id: string; description: string | null; createdAt: Date; updatedAt: Date; name: string; type: ProductType; slug: string; sku: string | null; ... 38 more ...; attributes: JsonValue; }'.
lib/actions/warehouse-actions.ts(266,37): error TS2339: Property 'goodsReceiveNote' does not exist on type 'PrismaClient<PrismaClientOptions, never, DefaultArgs>'.
lib/actions/warehouse-actions.ts(282,43): error TS2339: Property 'warehouseTransferItem' does not exist on type 'PrismaClient<PrismaClientOptions, never, DefaultArgs>'.
lib/actions/warehouse-actions.ts(289,34): error TS2551: Property 'purchaseOrderItem' does not exist on type 'PrismaClient<PrismaClientOptions, never, DefaultArgs>'. Did you mean 'purchaseItem'?
lib/actions/warehouse-actions.ts(293,48): error TS7006: Parameter 'sum' implicitly has an 'any' type.
lib/actions/warehouse-actions.ts(293,53): error TS7006: Parameter 'item' implicitly has an 'any' type.
lib/actions/warehouse-actions.ts(296,39): error TS2339: Property 'stockAdjustmentItem' does not exist on type 'PrismaClient<PrismaClientOptions, never, DefaultArgs>'.
lib/actions/warehouse-analytics-actions.ts(34,42): error TS2339: Property 'stockLedger' does not exist on type 'PrismaClient<PrismaClientOptions, never, DefaultArgs>'.
lib/actions/warehouse-analytics-actions.ts(41,29): error TS7006: Parameter 'v' implicitly has an 'any' type.
lib/actions/warehouse-analytics-actions.ts(48,22): error TS2322: Type 'unknown[]' is not assignable to type 'string[] | FieldRef<"Product", "String[]"> | undefined'.
  Type 'unknown[]' is not assignable to type 'string[]'.
    Type 'unknown' is not assignable to type 'string'.
lib/actions/warehouse-analytics-actions.ts(52,51): error TS2551: Property 'category' does not exist on type '{ model: string | null; id: string; description: string | null; createdAt: Date; updatedAt: Date; name: string; type: ProductType; slug: string; sku: string | null; ... 38 more ...; attributes: JsonValue; }'. Did you mean 'categoryId'?
lib/actions/warehouse-analytics-actions.ts(55,36): error TS2339: Property 'goodsReceiveNote' does not exist on type 'PrismaClient<PrismaClientOptions, never, DefaultArgs>'.
lib/actions/warehouse-analytics-actions.ts(67,23): error TS7006: Parameter 'grn' implicitly has an 'any' type.
lib/actions/warehouse-analytics-actions.ts(68,39): error TS7006: Parameter 'item' implicitly has an 'any' type.
lib/services/accounting-engine.ts(11,31): error TS2339: Property 'chartOfAccount' does not exist on type 'TransactionClient'.
lib/services/accounting-engine.ts(18,22): error TS7006: Parameter 'acc' implicitly has an 'any' type.
lib/services/accounting-engine.ts(47,29): error TS2339: Property 'accountingPeriod' does not exist on type 'TransactionClient'.
lib/services/accounting-engine.ts(56,28): error TS2339: Property 'journalEntry' does not exist on type 'TransactionClient'.
lib/services/accounting-engine.ts(63,15): error TS2339: Property 'journalEntry' does not exist on type 'TransactionClient'.
lib/services/inventory-service.ts(21,36): error TS2339: Property 'stockLedger' does not exist on type 'PrismaClient<PrismaClientOptions, never, DefaultArgs>'.
lib/services/inventory-service.ts(33,41): error TS2339: Property 'stockReservation' does not exist on type 'PrismaClient<PrismaClientOptions, never, DefaultArgs>'.
lib/services/inventory-service.ts(62,14): error TS2339: Property 'stockLedger' does not exist on type 'PrismaClient<PrismaClientOptions, never, DefaultArgs>'.
lib/services/inventory-service.ts(68,14): error TS2339: Property 'stockReservation' does not exist on type 'PrismaClient<PrismaClientOptions, never, DefaultArgs>'.
lib/services/inventory-valuation-service.ts(62,37): error TS2339: Property 'stockLedger' does not exist on type 'PrismaClient<PrismaClientOptions, never, DefaultArgs>'.
lib/services/supplier-ledger-service.ts(25,32): error TS2339: Property 'supplierLedger' does not exist on type 'Omit<TransactionClient, "$extends" | "$transaction" | "$disconnect" | "$connect" | "$on" | "$use">'.
lib/services/supplier-ledger-service.ts(36,29): error TS2339: Property 'supplierLedger' does not exist on type 'Omit<TransactionClient, "$extends" | "$transaction" | "$disconnect" | "$connect" | "$on" | "$use">'.
lib/services/supplier-ledger-service.ts(65,16): error TS2339: Property 'supplierLedger' does not exist on type 'Omit<PrismaClient<PrismaClientOptions, never, DefaultArgs>, "$extends" | "$transaction" | "$disconnect" | "$connect" | "$on" | "$use">'.
lib/services/supplier-ledger-service.ts(72,20): error TS2339: Property 'openingBalance' does not exist on type '{ id: string; createdAt: Date; updatedAt: Date; name: string; phone: string; address: string | null; isActive: boolean; companyName: string | null; notes: string | null; }'.
lib/services/supplier-ledger-service.ts(73,36): error TS2339: Property 'openingBalance' does not exist on type '{ id: string; createdAt: Date; updatedAt: Date; name: string; phone: string; address: string | null; isActive: boolean; companyName: string | null; notes: string | null; }'.
lib/services/supplier-ledger-service.ts(74,18): error TS2339: Property 'supplierLedger' does not exist on type 'Omit<PrismaClient<PrismaClientOptions, never, DefaultArgs>, "$extends" | "$transaction" | "$disconnect" | "$connect" | "$on" | "$use">'.
lib/services/supplier-ledger-service.ts(79,30): error TS2339: Property 'openingBalance' does not exist on type '{ id: string; createdAt: Date; updatedAt: Date; name: string; phone: string; address: string | null; isActive: boolean; companyName: string | null; notes: string | null; }'.
lib/services/supplier-ledger-service.ts(87,34): error TS2339: Property 'purchaseOrder' does not exist on type 'Omit<PrismaClient<PrismaClientOptions, never, DefaultArgs>, "$extends" | "$transaction" | "$disconnect" | "$connect" | "$on" | "$use">'.
lib/services/supplier-ledger-service.ts(99,32): error TS2339: Property 'purchaseReturn' does not exist on type 'Omit<PrismaClient<PrismaClientOptions, never, DefaultArgs>, "$extends" | "$transaction" | "$disconnect" | "$connect" | "$on" | "$use">'.
lib/services/supplier-ledger-service.ts(106,26): error TS7006: Parameter 'p' implicitly has an 'any' type.
lib/services/supplier-ledger-service.ts(108,24): error TS7006: Parameter 'r' implicitly has an 'any' type.
lib/services/supplier-ledger-service.ts(116,20): error TS2339: Property 'supplierLedger' does not exist on type 'Omit<PrismaClient<PrismaClientOptions, never, DefaultArgs>, "$extends" | "$transaction" | "$disconnect" | "$connect" | "$on" | "$use">'.
lib/services/supplier-ledger-service.ts(131,20): error TS2339: Property 'supplierLedger' does not exist on type 'Omit<PrismaClient<PrismaClientOptions, never, DefaultArgs>, "$extends" | "$transaction" | "$disconnect" | "$connect" | "$on" | "$use">'.
lib/services/supplier-ledger-service.ts(146,20): error TS2339: Property 'supplierLedger' does not exist on type 'Omit<PrismaClient<PrismaClientOptions, never, DefaultArgs>, "$extends" | "$transaction" | "$disconnect" | "$connect" | "$on" | "$use">'.
lib/services/supplier-ledger-service.ts(166,36): error TS2339: Property 'supplierLedger' does not exist on type 'PrismaClient<PrismaClientOptions, never, DefaultArgs>'.
scripts/test-e2e.ts(22,34): error TS2339: Property 'warehouse' does not exist on type 'PrismaClient<PrismaClientOptions, never, DefaultArgs>'.
scripts/test-e2e.ts(24,32): error TS2339: Property 'warehouse' does not exist on type 'PrismaClient<PrismaClientOptions, never, DefaultArgs>'.
scripts/test-e2e.ts(41,9): error TS2353: Object literal may only specify known properties, and 'status' does not exist in type 'Without<ProductCreateInput, ProductUncheckedCreateInput> & ProductUncheckedCreateInput'.
scripts/test-e2e.ts(58,9): error TS2353: Object literal may only specify known properties, and 'status' does not exist in type 'Without<ProductCreateInput, ProductUncheckedCreateInput> & ProductUncheckedCreateInput'.
scripts/test-e2e.ts(71,88): error TS2339: Property 'variants' does not exist on type '{ model: string | null; id: string; description: string | null; createdAt: Date; updatedAt: Date; name: string; type: ProductType; slug: string; sku: string | null; ... 38 more ...; attributes: JsonValue; }'.
scripts/test-e2e.ts(77,37): error TS2339: Property 'stockAdjustment' does not exist on type 'PrismaClient<PrismaClientOptions, never, DefaultArgs>'.
scripts/test-e2e.ts(86,63): error TS2339: Property 'variants' does not exist on type '{ model: string | null; id: string; description: string | null; createdAt: Date; updatedAt: Date; name: string; type: ProductType; slug: string; sku: string | null; ... 38 more ...; attributes: JsonValue; }'.
scripts/test-e2e.ts(87,63): error TS2339: Property 'variants' does not exist on type '{ model: string | null; id: string; description: string | null; createdAt: Date; updatedAt: Date; name: string; type: ProductType; slug: string; sku: string | null; ... 38 more ...; attributes: JsonValue; }'.
scripts/test-e2e.ts(95,18): error TS2339: Property 'stockLedger' does not exist on type 'PrismaClient<PrismaClientOptions, never, DefaultArgs>'.
scripts/test-e2e.ts(102,59): error TS2339: Property 'variants' does not exist on type '{ model: string | null; id: string; description: string | null; createdAt: Date; updatedAt: Date; name: string; type: ProductType; slug: string; sku: string | null; ... 38 more ...; attributes: JsonValue; }'.
scripts/test-e2e.ts(106,59): error TS2339: Property 'variants' does not exist on type '{ model: string | null; id: string; description: string | null; createdAt: Date; updatedAt: Date; name: string; type: ProductType; slug: string; sku: string | null; ... 38 more ...; attributes: JsonValue; }'.
scripts/test-e2e.ts(115,59): error TS2339: Property 'variants' does not exist on type '{ model: string | null; id: string; description: string | null; createdAt: Date; updatedAt: Date; name: string; type: ProductType; slug: string; sku: string | null; ... 38 more ...; attributes: JsonValue; }'.
scripts/test-e2e.ts(116,59): error TS2339: Property 'variants' does not exist on type '{ model: string | null; id: string; description: string | null; createdAt: Date; updatedAt: Date; name: string; type: ProductType; slug: string; sku: string | null; ... 38 more ...; attributes: JsonValue; }'.
scripts/test-e2e.ts(132,73): error TS2339: Property 'variants' does not exist on type '{ model: string | null; id: string; description: string | null; createdAt: Date; updatedAt: Date; name: string; type: ProductType; slug: string; sku: string | null; ... 38 more ...; attributes: JsonValue; }'.
scripts/test-e2e.ts(133,73): error TS2339: Property 'variants' does not exist on type '{ model: string | null; id: string; description: string | null; createdAt: Date; updatedAt: Date; name: string; type: ProductType; slug: string; sku: string | null; ... 38 more ...; attributes: JsonValue; }'.
scripts/test-e2e.ts(137,42): error TS2339: Property 'variants' does not exist on type '{ model: string | null; id: string; description: string | null; createdAt: Date; updatedAt: Date; name: string; type: ProductType; slug: string; sku: string | null; ... 38 more ...; attributes: JsonValue; }'.
scripts/test-e2e.ts(138,42): error TS2339: Property 'variants' does not exist on type '{ model: string | null; id: string; description: string | null; createdAt: Date; updatedAt: Date; name: string; type: ProductType; slug: string; sku: string | null; ... 38 more ...; attributes: JsonValue; }'.
